<?xml version="1.0" encoding="UTF-8"?>
<testng-results skipped="0" failed="0" ignored="0" total="1" passed="1">
  <reporter-output>
  </reporter-output>
  <suite name="Default suite" duration-ms="10701" started-at="2019-08-28T20:51:40Z" finished-at="2019-08-28T20:51:51Z">
    <groups>
    </groups>
    <test name="Default test" duration-ms="10701" started-at="2019-08-28T20:51:40Z" finished-at="2019-08-28T20:51:51Z">
      <class name="qa_sandbox_test.ExamTest">
        <test-method status="PASS" signature="examTest()[pri:0, instance:qa_sandbox_test.ExamTest@2a5ca609]" name="examTest" duration-ms="10627" started-at="2019-08-28T22:51:40Z" finished-at="2019-08-28T22:51:51Z">
          <reporter-output>
          </reporter-output>
        </test-method> <!-- examTest -->
        <test-method status="PASS" signature="tearDown()[pri:0, instance:qa_sandbox_test.ExamTest@2a5ca609]" name="tearDown" is-config="true" duration-ms="48" started-at="2019-08-28T22:51:51Z" finished-at="2019-08-28T22:51:51Z">
          <reporter-output>
          </reporter-output>
        </test-method> <!-- tearDown -->
      </class> <!-- qa_sandbox_test.ExamTest -->
    </test> <!-- Default test -->
  </suite> <!-- Default suite -->
</testng-results>
